SF:lib/core/logger.dart
DA:4,3
DA:6,3
DA:7,3
DA:8,3
DA:9,3
LF:5
LH:5
end_of_record
SF:lib/core/error_handler.dart
DA:5,1
DA:6,0
DA:7,0
DA:8,0
DA:10,2
DA:12,0
LF:6
LH:2
end_of_record
SF:lib/features/map/core/map_view_model.dart
DA:14,3
DA:15,2
DA:17,3
DA:18,3
DA:19,3
DA:20,8
DA:21,2
DA:22,2
DA:23,2
DA:24,2
DA:27,4
DA:29,1
DA:30,1
DA:31,1
DA:34,8
DA:35,2
DA:36,2
DA:37,2
DA:40,1
DA:41,1
DA:43,2
DA:45,0
DA:46,0
DA:47,0
DA:51,1
DA:52,0
DA:53,0
DA:55,0
DA:59,2
DA:61,4
DA:62,1
DA:64,1
DA:66,1
DA:67,1
DA:70,2
DA:72,2
DA:73,2
DA:76,3
DA:77,3
DA:78,3
LF:40
LH:34
end_of_record
SF:lib/features/map/core/location_service.dart
DA:5,1
DA:7,1
DA:13,2
DA:14,2
DA:15,0
DA:16,0
DA:19,0
DA:21,0
LF:8
LH:4
end_of_record
SF:lib/features/splash/widgets/splash_screen.dart
DA:10,3
DA:12,3
DA:13,3
DA:20,3
DA:22,3
DA:23,8
DA:29,3
DA:31,6
DA:32,3
DA:35,3
DA:37,3
DA:38,3
DA:39,3
DA:40,3
LF:14
LH:14
end_of_record
SF:lib/features/map/widgets/map_screen.dart
DA:11,4
DA:13,2
DA:14,2
DA:20,2
DA:22,2
DA:23,8
DA:24,4
DA:25,6
DA:28,2
DA:30,6
DA:31,4
DA:32,2
DA:35,3
DA:37,2
DA:40,8
DA:43,2
DA:44,1
DA:45,1
DA:46,1
DA:48,1
DA:49,3
DA:51,1
DA:52,2
DA:60,1
DA:61,1
DA:62,1
DA:63,1
DA:64,1
DA:65,2
DA:71,1
DA:72,1
DA:76,2
DA:77,1
DA:78,1
DA:79,1
DA:80,2
DA:96,2
DA:97,0
DA:98,0
DA:99,0
DA:100,0
DA:113,2
DA:114,1
DA:116,2
DA:118,2
LF:45
LH:41
end_of_record
SF:lib/main.dart
DA:9,0
DA:10,0
DA:11,0
DA:16,3
DA:18,1
DA:19,1
DA:25,1
DA:27,1
DA:28,1
DA:29,2
DA:30,2
DA:32,2
DA:36,1
DA:38,1
DA:39,1
DA:40,1
DA:41,1
DA:42,1
DA:44,1
DA:52,1
DA:53,2
DA:62,2
DA:67,4
DA:69,2
DA:71,2
DA:73,2
DA:74,2
DA:82,2
DA:84,2
DA:85,2
DA:91,2
DA:93,2
DA:94,5
DA:95,1
DA:96,1
DA:97,1
DA:98,3
DA:103,2
DA:105,4
DA:106,2
DA:109,2
LF:41
LH:38
end_of_record
