SF:lib/features/splash/widgets/splash_screen.dart
DA:10,2
DA:12,2
DA:13,2
DA:20,2
DA:22,2
DA:23,6
DA:29,2
DA:31,4
DA:32,2
DA:35,2
DA:37,2
DA:38,2
DA:39,2
DA:40,2
LF:14
LH:14
end_of_record
SF:lib/features/map/core/map_view_model.dart
DA:14,3
DA:15,2
DA:17,3
DA:18,3
DA:19,3
DA:20,8
DA:21,2
DA:22,2
DA:23,2
DA:24,2
DA:27,4
DA:29,1
DA:30,1
DA:31,1
DA:34,8
DA:35,2
DA:36,2
DA:37,2
DA:40,1
DA:41,1
DA:43,2
DA:45,0
DA:46,0
DA:47,0
DA:51,1
DA:52,0
DA:53,0
DA:55,0
DA:59,2
DA:61,4
DA:62,1
DA:64,1
DA:66,1
DA:67,1
DA:70,2
DA:72,2
DA:73,2
DA:76,3
DA:77,3
DA:78,3
LF:40
LH:34
end_of_record
SF:lib/features/map/core/location_service.dart
DA:5,1
DA:7,1
DA:13,2
DA:14,2
DA:15,0
DA:16,0
DA:19,0
DA:21,0
LF:8
LH:4
end_of_record
SF:lib/features/map/widgets/map_screen.dart
DA:11,3
DA:13,2
DA:14,2
DA:20,2
DA:22,2
DA:23,8
DA:24,4
DA:25,6
DA:28,2
DA:30,6
DA:31,4
DA:32,2
DA:35,3
DA:37,2
DA:40,8
DA:43,2
DA:44,1
DA:45,1
DA:46,1
DA:48,1
DA:49,3
DA:51,1
DA:52,2
DA:60,1
DA:61,1
DA:62,1
DA:63,1
DA:64,1
DA:65,2
DA:71,1
DA:72,1
DA:76,2
DA:77,1
DA:78,1
DA:79,1
DA:80,2
DA:96,2
DA:97,0
DA:98,0
DA:99,0
DA:100,0
DA:113,2
DA:114,1
DA:116,2
DA:118,2
LF:45
LH:41
end_of_record
SF:lib/main.dart
DA:9,0
DA:10,0
DA:11,0
DA:16,1
DA:18,0
DA:19,0
DA:25,0
DA:27,0
DA:28,0
DA:29,0
DA:30,0
DA:32,0
DA:36,0
DA:38,0
DA:39,0
DA:40,0
DA:41,0
DA:42,0
DA:44,0
DA:52,0
DA:53,0
DA:62,0
DA:67,2
DA:69,1
DA:71,1
DA:73,1
DA:74,1
DA:82,1
DA:84,1
DA:85,1
DA:91,1
DA:93,1
DA:94,3
DA:95,1
DA:96,1
DA:97,1
DA:98,3
DA:103,1
DA:105,2
DA:106,1
DA:109,1
LF:41
LH:20
end_of_record
SF:lib/core/error_handler.dart
DA:5,0
DA:6,0
DA:7,0
DA:8,0
DA:10,0
DA:12,0
LF:6
LH:0
end_of_record
SF:lib/core/logger.dart
DA:4,0
DA:6,0
DA:7,0
DA:8,0
DA:9,0
LF:5
LH:0
end_of_record
